This file contains any messages produced by compilers while
running configure, to aid debugging if configure makes a mistake.

It was created by configure, which was
generated by GNU Autoconf 2.53.  Invocation command line was

  $ ./configure --prefix=/home/gmillet/Dep/compiled

## --------- ##
## Platform. ##
## --------- ##

hostname = FP040
uname -m = x86_64
uname -r = 4.19.128-microsoft-standard
uname -s = Linux
uname -v = #1 SMP Tue Jun 23 12:58:10 UTC 2020

/usr/bin/uname -p = x86_64
/bin/uname -X     = unknown

/bin/arch              = x86_64
/usr/bin/arch -k       = unknown
/usr/convex/getsysinfo = unknown
hostinfo               = unknown
/bin/machine           = unknown
/usr/bin/oslevel       = unknown
/bin/universe          = unknown

PATH: /usr/local/sbin
PATH: /usr/local/bin
PATH: /usr/sbin
PATH: /usr/bin
PATH: /sbin
PATH: /bin
PATH: /usr/games
PATH: /usr/local/games
PATH: /mnt/c/WINDOWS/system32
PATH: /mnt/c/WINDOWS
PATH: /mnt/c/WINDOWS/System32/Wbem
PATH: /mnt/c/WINDOWS/System32/WindowsPowerShell/v1.0/
PATH: /mnt/c/Program Files (x86)/Windows Kits/8.1/Windows Performance Toolkit/
PATH: /mnt/c/Program Files/Microsoft SQL Server/110/Tools/Binn/
PATH: /mnt/c/WINDOWS/System32/OpenSSH/
PATH: /mnt/c/WINDOWS/system32
PATH: /mnt/c/WINDOWS
PATH: /mnt/c/WINDOWS/System32/Wbem
PATH: /mnt/c/WINDOWS/System32/WindowsPowerShell/v1.0/
PATH: /mnt/c/WINDOWS/System32/OpenSSH/
PATH: /mnt/c/Program Files/TortoiseSVN/bin
PATH: /mnt/c/Program Files/dotnet/
PATH: /mnt/c/Program Files (x86)/Microsoft SDKs/TypeScript/1.0/
PATH: /mnt/c/Program Files/Microsoft SQL Server/120/Tools/Binn/
PATH: /mnt/c/Program Files/PuTTY
PATH: /mnt/c/Program Files/NVIDIA Corporation/NVIDIA NvDLISR
PATH: /mnt/c/Program Files/nodejs/
PATH: /mnt/c/Program Files/Microsoft VS Code/bin
PATH: /mnt/c/Program Files/CMake/bin
PATH: /mnt/c/Program Files/TortoiseGit/bin
PATH: /mnt/c/Users/gmillet/AppData/Local/Programs/Python/Python38/Scripts/
PATH: /mnt/c/Users/gmillet/AppData/Local/Programs/Python/Python38/
PATH: /mnt/c/Users/gmillet/AppData/Local/Microsoft/WindowsApps
PATH: /mnt/c/Users/gmillet/.dotnet/tools
PATH: /mnt/c/Users/gmillet/AppData/Local/Microsoft/WindowsApps
PATH: /mnt/c/Users/gmillet/AppData/Roaming/npm
PATH: /mnt/c/Users/gmillet/.dotnet/tools
PATH: /snap/bin


## ----------- ##
## Core tests. ##
## ----------- ##

configure:1416: checking build system type
configure:1434: result: x86_64-unknown-linux-gnu
configure:1442: checking host system type
configure:1456: result: x86_64-unknown-linux-gnu
configure:1464: checking target system type
configure:1478: result: x86_64-unknown-linux-gnu
configure:1506: checking for a BSD-compatible install
configure:1560: result: /usr/bin/install -c
configure:1571: checking whether build environment is sane
configure:1614: result: yes
configure:1647: checking for gawk
configure:1663: found /usr/bin/gawk
configure:1673: result: gawk
configure:1683: checking whether make sets ${MAKE}
configure:1703: result: yes
configure:1859: checking if the nurbs++ package is used inside MindsEye
configure:1877: result: no
configure:1968: checking for style of include used by make
configure:1996: result: GNU
configure:2067: checking for gcc
configure:2083: found /usr/bin/gcc
configure:2093: result: gcc
configure:2337: checking for C compiler version
configure:2340: gcc --version </dev/null >&5
gcc (Ubuntu 9.3.0-17ubuntu1~20.04) 9.3.0
Copyright (C) 2019 Free Software Foundation, Inc.
This is free software; see the source for copying conditions.  There is NO
warranty; not even for MERCHANTABILITY or FITNESS FOR A PARTICULAR PURPOSE.

configure:2343: $? = 0
configure:2345: gcc -v </dev/null >&5
Using built-in specs.
COLLECT_GCC=gcc
COLLECT_LTO_WRAPPER=/usr/lib/gcc/x86_64-linux-gnu/9/lto-wrapper
OFFLOAD_TARGET_NAMES=nvptx-none:hsa
OFFLOAD_TARGET_DEFAULT=1
Target: x86_64-linux-gnu
Configured with: ../src/configure -v --with-pkgversion='Ubuntu 9.3.0-17ubuntu1~20.04' --with-bugurl=file:///usr/share/doc/gcc-9/README.Bugs --enable-languages=c,ada,c++,go,brig,d,fortran,objc,obj-c++,gm2 --prefix=/usr --with-gcc-major-version-only --program-suffix=-9 --program-prefix=x86_64-linux-gnu- --enable-shared --enable-linker-build-id --libexecdir=/usr/lib --without-included-gettext --enable-threads=posix --libdir=/usr/lib --enable-nls --enable-clocale=gnu --enable-libstdcxx-debug --enable-libstdcxx-time=yes --with-default-libstdcxx-abi=new --enable-gnu-unique-object --disable-vtable-verify --enable-plugin --enable-default-pie --with-system-zlib --with-target-system-zlib=auto --enable-objc-gc=auto --enable-multiarch --disable-werror --with-arch-32=i686 --with-abi=m64 --with-multilib-list=m32,m64,mx32 --enable-multilib --with-tune=generic --enable-offload-targets=nvptx-none=/build/gcc-9-HskZEa/gcc-9-9.3.0/debian/tmp-nvptx/usr,hsa --without-cuda-driver --enable-checking=release --build=x86_64-linux-gnu --host=x86_64-linux-gnu --target=x86_64-linux-gnu
Thread model: posix
gcc version 9.3.0 (Ubuntu 9.3.0-17ubuntu1~20.04) 
configure:2348: $? = 0
configure:2350: gcc -V </dev/null >&5
gcc: error: unrecognized command line option '-V'
gcc: fatal error: no input files
compilation terminated.
configure:2353: $? = 1
configure:2379: checking for C compiler default output
configure:2382: gcc    conftest.c  >&5
configure:2385: $? = 0
configure:2418: result: a.out
configure:2423: checking whether the C compiler works
configure:2429: ./a.out
configure:2432: $? = 0
configure:2447: result: yes
configure:2454: checking whether we are cross compiling
configure:2456: result: no
configure:2459: checking for suffix of executables
configure:2461: gcc -o conftest    conftest.c  >&5
configure:2464: $? = 0
configure:2486: result: 
configure:2492: checking for suffix of object files
configure:2516: gcc -c   conftest.c >&5
configure:2519: $? = 0
configure:2538: result: o
configure:2542: checking whether we are using the GNU C compiler
configure:2569: gcc -c   conftest.c >&5
configure:2572: $? = 0
configure:2575: test -s conftest.o
configure:2578: $? = 0
configure:2590: result: yes
configure:2596: checking whether gcc accepts -g
configure:2620: gcc -c -g  conftest.c >&5
configure:2623: $? = 0
configure:2626: test -s conftest.o
configure:2629: $? = 0
configure:2639: result: yes
configure:2666: gcc -c -g -O2  conftest.c >&5
conftest.c:2:3: error: unknown type name 'choke'
    2 |   choke me
      |   ^~~~~
conftest.c:2:3: error: expected '=', ',', ';', 'asm' or '__attribute__' at end of input
configure:2669: $? = 1
configure: failed program was:
#ifndef __cplusplus
  choke me
#endif
configure:2781: checking dependency style of gcc
configure:2843: result: gcc3
configure:2870: checking for ld used by GCC
configure:2933: result: /usr/bin/ld
configure:2942: checking if the linker (/usr/bin/ld) is GNU ld
GNU ld (GNU Binutils for Ubuntu) 2.34
configure:2954: result: yes
configure:2959: checking for /usr/bin/ld option to reload object files
configure:2966: result: -r
configure:2971: checking for BSD-compatible nm
configure:3007: result: /usr/bin/nm -B
configure:3010: checking whether ln -s works
configure:3014: result: yes
configure:3021: checking how to recognise dependant libraries
configure:3199: result: file_magic ELF [0-9][0-9]*-bit [LM]SB (shared object|dynamic lib )
configure:3212: checking command to parse /usr/bin/nm -B output
configure:3293: gcc -c -g -O2  conftest.c >&5
configure:3296: $? = 0
configure:3300: /usr/bin/nm -B conftest.o \| sed -n -e 's/^.*[ 	]\([ABCDGISTW][ABCDGISTW]*\)[ 	][ 	]*\(\)\([_A-Za-z][_A-Za-z0-9]*\)$/\1 \2\3 \3/p' \> conftest.nm
configure:3303: $? = 0
configure:3355: gcc -o conftest -g -O2   conftest.c conftstm.o >&5
configure:3358: $? = 0
configure:3402: result: ok
configure:3411: checking how to run the C preprocessor
configure:3437: gcc -E  conftest.c
configure:3443: $? = 0
configure:3470: gcc -E  conftest.c
configure:3466:10: fatal error: ac_nonexistent.h: No such file or directory
 3466 | else
      |          ^                 
compilation terminated.
configure:3476: $? = 1
configure: failed program was:
#line 3465 "configure"
#include "confdefs.h"
#include <ac_nonexistent.h>
configure:3513: result: gcc -E
configure:3528: gcc -E  conftest.c
configure:3534: $? = 0
configure:3561: gcc -E  conftest.c
configure:3557:10: fatal error: ac_nonexistent.h: No such file or directory
 3557 | else
      |          ^                 
compilation terminated.
configure:3567: $? = 1
configure: failed program was:
#line 3556 "configure"
#include "confdefs.h"
#include <ac_nonexistent.h>
configure:3607: checking for ANSI C header files
configure:3621: gcc -E  conftest.c
configure:3627: $? = 0
configure:3714: gcc -o conftest -g -O2   conftest.c  >&5
configure: In function 'main':
configure:3705:7: warning: implicit declaration of function 'exit' [-Wimplicit-function-declaration]
 3705 | #include "confdefs.h"
      |       ^~~~
configure:3705:7: warning: incompatible implicit declaration of built-in function 'exit'
configure:3689:1: note: include '<stdlib.h>' or provide a declaration of 'exit'
 3688 | if (eval "$ac_cpp conftest.$ac_ext") 2>&5 |
  +++ |+#include <stdlib.h>
 3689 |   egrep "free" >/dev/null 2>&1; then
configure:3706:3: warning: incompatible implicit declaration of built-in function 'exit'
 3706 | #include <ctype.h>
      |   ^~~~
configure:3706:3: note: include '<stdlib.h>' or provide a declaration of 'exit'
configure:3717: $? = 0
configure:3719: ./conftest
configure:3722: $? = 0
configure:3736: result: yes
configure:3760: checking for sys/types.h
configure:3773: gcc -c -g -O2  conftest.c >&5
configure:3776: $? = 0
configure:3779: test -s conftest.o
configure:3782: $? = 0
configure:3792: result: yes
configure:3760: checking for sys/stat.h
configure:3773: gcc -c -g -O2  conftest.c >&5
configure:3776: $? = 0
configure:3779: test -s conftest.o
configure:3782: $? = 0
configure:3792: result: yes
configure:3760: checking for stdlib.h
configure:3773: gcc -c -g -O2  conftest.c >&5
configure:3776: $? = 0
configure:3779: test -s conftest.o
configure:3782: $? = 0
configure:3792: result: yes
configure:3760: checking for string.h
configure:3773: gcc -c -g -O2  conftest.c >&5
configure:3776: $? = 0
configure:3779: test -s conftest.o
configure:3782: $? = 0
configure:3792: result: yes
configure:3760: checking for memory.h
configure:3773: gcc -c -g -O2  conftest.c >&5
configure:3776: $? = 0
configure:3779: test -s conftest.o
configure:3782: $? = 0
configure:3792: result: yes
configure:3760: checking for strings.h
configure:3773: gcc -c -g -O2  conftest.c >&5
configure:3776: $? = 0
configure:3779: test -s conftest.o
configure:3782: $? = 0
configure:3792: result: yes
configure:3760: checking for inttypes.h
configure:3773: gcc -c -g -O2  conftest.c >&5
configure:3776: $? = 0
configure:3779: test -s conftest.o
configure:3782: $? = 0
configure:3792: result: yes
configure:3760: checking for stdint.h
configure:3773: gcc -c -g -O2  conftest.c >&5
configure:3776: $? = 0
configure:3779: test -s conftest.o
configure:3782: $? = 0
configure:3792: result: yes
configure:3760: checking for unistd.h
configure:3773: gcc -c -g -O2  conftest.c >&5
configure:3776: $? = 0
configure:3779: test -s conftest.o
configure:3782: $? = 0
configure:3792: result: yes
configure:3818: checking dlfcn.h usability
configure:3827: gcc -c -g -O2  conftest.c >&5
configure:3830: $? = 0
configure:3833: test -s conftest.o
configure:3836: $? = 0
configure:3845: result: yes
configure:3849: checking dlfcn.h presence
configure:3856: gcc -E  conftest.c
configure:3862: $? = 0
configure:3880: result: yes
configure:3898: checking for dlfcn.h
configure:3905: result: yes
configure:3926: checking for file
configure:3981: result: /usr/bin/file
configure:4102: checking for ranlib
configure:4118: found /usr/bin/ranlib
configure:4129: result: ranlib
configure:4182: checking for strip
configure:4198: found /usr/bin/strip
configure:4209: result: strip
configure:4420: checking for objdir
configure:4431: result: .libs
configure:4448: checking for gcc option to produce PIC
configure:4598: result: -fPIC
configure:4602: checking if gcc PIC flag -fPIC works
configure:4628: gcc -c -g -O2 -fPIC -DPIC  conftest.c >&5
configure:4631: $? = 0
configure:4634: test -s conftest.o
configure:4637: $? = 0
configure:4674: result: yes
configure:4690: checking if gcc static flag -static works
configure:4717: gcc -o conftest -g -O2   -static conftest.c  >&5
configure:4720: $? = 0
configure:4723: test -s conftest
configure:4726: $? = 0
configure:4741: result: yes
configure:4753: checking if gcc supports -c -o file.o
configure:4789: gcc -c -g -O2 -o out/conftest2.o  conftest.c >&5
configure:4797: result: yes
configure:4802: checking if gcc supports -c -o file.lo
configure:4832: gcc -c -g -O2 -c -o conftest.lo  conftest.c >&5
configure:4835: $? = 0
configure:4838: test -s conftest.lo
configure:4841: $? = 0
configure:4862: result: yes
configure:4893: checking if gcc supports -fno-rtti -fno-exceptions
configure:4918: gcc -c -g -O2 -fno-rtti -fno-exceptions -c conftest.c  conftest.c >&5
cc1: warning: command line option '-fno-rtti' is valid for C++/D/ObjC++ but not for C
cc1: warning: command line option '-fno-rtti' is valid for C++/D/ObjC++ but not for C
configure:4921: $? = 0
configure:4924: test -s conftest.o
configure:4927: $? = 0
configure:4943: result: yes
configure:4954: checking whether the linker (/usr/bin/ld) supports shared libraries
configure:5634: result: yes
configure:5639: checking how to hardcode library paths into programs
configure:5663: result: immediate
configure:5668: checking whether stripping libraries is possible
configure:5673: result: yes
configure:5684: checking dynamic linker characteristics
configure:6077: result: GNU/Linux ld.so
configure:6082: checking if libtool supports shared libraries
configure:6084: result: yes
configure:6087: checking whether to build shared libraries
configure:6108: result: yes
configure:6111: checking whether to build static libraries
configure:6115: result: yes
configure:6777: checking whether -lc should be explicitly linked in
configure:6785: gcc -c -g -O2  conftest.c >&5
configure:6788: $? = 0
configure:6802: gcc -shared conftest.o  -v -Wl,-soname -Wl,conftest -o conftest 2\>\&1 \| grep  -lc  \>/dev/null 2\>\&1
configure:6805: $? = 0
configure:6818: result: no
configure:7441: checking for g++
configure:7457: found /usr/bin/g++
configure:7467: result: g++
configure:7483: checking for C++ compiler version
configure:7486: g++ --version </dev/null >&5
g++ (Ubuntu 9.3.0-17ubuntu1~20.04) 9.3.0
Copyright (C) 2019 Free Software Foundation, Inc.
This is free software; see the source for copying conditions.  There is NO
warranty; not even for MERCHANTABILITY or FITNESS FOR A PARTICULAR PURPOSE.

configure:7489: $? = 0
configure:7491: g++ -v </dev/null >&5
Using built-in specs.
COLLECT_GCC=g++
COLLECT_LTO_WRAPPER=/usr/lib/gcc/x86_64-linux-gnu/9/lto-wrapper
OFFLOAD_TARGET_NAMES=nvptx-none:hsa
OFFLOAD_TARGET_DEFAULT=1
Target: x86_64-linux-gnu
Configured with: ../src/configure -v --with-pkgversion='Ubuntu 9.3.0-17ubuntu1~20.04' --with-bugurl=file:///usr/share/doc/gcc-9/README.Bugs --enable-languages=c,ada,c++,go,brig,d,fortran,objc,obj-c++,gm2 --prefix=/usr --with-gcc-major-version-only --program-suffix=-9 --program-prefix=x86_64-linux-gnu- --enable-shared --enable-linker-build-id --libexecdir=/usr/lib --without-included-gettext --enable-threads=posix --libdir=/usr/lib --enable-nls --enable-clocale=gnu --enable-libstdcxx-debug --enable-libstdcxx-time=yes --with-default-libstdcxx-abi=new --enable-gnu-unique-object --disable-vtable-verify --enable-plugin --enable-default-pie --with-system-zlib --with-target-system-zlib=auto --enable-objc-gc=auto --enable-multiarch --disable-werror --with-arch-32=i686 --with-abi=m64 --with-multilib-list=m32,m64,mx32 --enable-multilib --with-tune=generic --enable-offload-targets=nvptx-none=/build/gcc-9-HskZEa/gcc-9-9.3.0/debian/tmp-nvptx/usr,hsa --without-cuda-driver --enable-checking=release --build=x86_64-linux-gnu --host=x86_64-linux-gnu --target=x86_64-linux-gnu
Thread model: posix
gcc version 9.3.0 (Ubuntu 9.3.0-17ubuntu1~20.04) 
configure:7494: $? = 0
configure:7496: g++ -V </dev/null >&5
g++: error: unrecognized command line option '-V'
g++: fatal error: no input files
compilation terminated.
configure:7499: $? = 1
configure:7502: checking whether we are using the GNU C++ compiler
configure:7529: g++ -c -O2 -fpermissive -fPIC  conftest.cc >&5
configure:7532: $? = 0
configure:7535: test -s conftest.o
configure:7538: $? = 0
configure:7550: result: yes
configure:7556: checking whether g++ accepts -g
configure:7580: g++ -c -g  conftest.cc >&5
configure:7583: $? = 0
configure:7586: test -s conftest.o
configure:7589: $? = 0
configure:7599: result: yes
configure:7645: g++ -c -O2 -fpermissive -fPIC  conftest.cc >&5
configure:7648: $? = 0
configure:7651: test -s conftest.o
configure:7654: $? = 0
configure:7682: g++ -c -O2 -fpermissive -fPIC  conftest.cc >&5
configure: In function 'int main()':
configure:7674:1: error: 'exit' was not declared in this scope
 7674 |   echo "$as_me: failed program was:" >&5
      | ^ ~~
configure:7685: $? = 1
configure: failed program was:
#line 7663 "configure"
#include "confdefs.h"

#ifdef F77_DUMMY_MAIN
#  ifdef __cplusplus
     extern "C"
#  endif
   int F77_DUMMY_MAIN() { return 1; }
#endif
int
main ()
{
exit (42);
  ;
  return 0;
}
configure:7645: g++ -c -O2 -fpermissive -fPIC  conftest.cc >&5
configure:7648: $? = 0
configure:7651: test -s conftest.o
configure:7654: $? = 0
configure:7682: g++ -c -O2 -fpermissive -fPIC  conftest.cc >&5
configure:7685: $? = 0
configure:7688: test -s conftest.o
configure:7691: $? = 0
configure:7715: checking dependency style of g++
configure:7777: result: gcc3
configure:7787: checking how to run the C preprocessor
configure:7889: result: gcc -E
configure:7904: gcc -E  conftest.c
configure:7910: $? = 0
configure:7937: gcc -E  conftest.c
configure:7933:10: fatal error: ac_nonexistent.h: No such file or directory
 7933 | else
      |          ^                 
compilation terminated.
configure:7943: $? = 1
configure: failed program was:
#line 7932 "configure"
#include "confdefs.h"
#include <ac_nonexistent.h>
configure:7994: checking for a BSD-compatible install
configure:8048: result: /usr/bin/install -c
configure:8069: checking whether make sets ${MAKE}
configure:8089: result: yes
configure:8232: checking for cppunit-config
configure:8259: result: no
configure:8267: result: no
configure:8343: result: no
configure:8402: checking for X
configure:8504: gcc -E  conftest.c
configure:8510: $? = 0
configure:8561: gcc -o conftest -g -O2   conftest.c -lXt  >&5
configure:8564: $? = 0
configure:8567: test -s conftest
configure:8570: $? = 0
configure:8618: result: libraries , headers 
configure:8775: gcc -o conftest -g -O2   conftest.c   -lX11 >&5
configure:8778: $? = 0
configure:8781: test -s conftest
configure:8784: $? = 0
configure:8922: checking for gethostbyname
configure:8965: gcc -o conftest -g -O2   conftest.c  >&5
configure:8968: $? = 0
configure:8971: test -s conftest
configure:8974: $? = 0
configure:8984: result: yes
configure:9117: checking for connect
configure:9160: gcc -o conftest -g -O2   conftest.c  >&5
configure:9163: $? = 0
configure:9166: test -s conftest
configure:9169: $? = 0
configure:9179: result: yes
configure:9245: checking for remove
configure:9288: gcc -o conftest -g -O2   conftest.c  >&5
configure:9291: $? = 0
configure:9294: test -s conftest
configure:9297: $? = 0
configure:9307: result: yes
configure:9373: checking for shmat
configure:9416: gcc -o conftest -g -O2   conftest.c  >&5
configure:9419: $? = 0
configure:9422: test -s conftest
configure:9425: $? = 0
configure:9435: result: yes
configure:9510: checking for IceConnectionNumber in -lICE
configure:9543: gcc -o conftest -g -O2   conftest.c -lICE   >&5
configure:9546: $? = 0
configure:9549: test -s conftest
configure:9552: $? = 0
configure:9563: result: yes
configure:9586: checking "if you want to use the OpenGL extensions"
configure:9912: result: 'no'
configure:9954: checking whether g++ supports namespaces
configure:9993: g++ -c -O2 -fpermissive -fPIC -fno-implicit-templates  conftest.cc >&5
configure:9996: $? = 0
configure:9999: test -s conftest.o
configure:10002: $? = 0
configure:10020: result: yes
configure:10037: checking whether g++ supports template of templates
configure:10073: g++ -c -O2 -fpermissive -fPIC -fno-implicit-templates  conftest.cc >&5
configure:10076: $? = 0
configure:10079: test -s conftest.o
configure:10082: $? = 0
configure:10100: result: yes
configure:10111: checking whether g++ uses ISO friend declarations
configure:10150: g++ -c -O2 -fpermissive -fPIC -fno-implicit-templates  conftest.cc >&5
configure:10153: $? = 0
configure:10156: test -s conftest.o
configure:10159: $? = 0
configure:10177: result: yes
configure:10189: checking whether g++ defines abs for the Complex type
configure:10230: g++ -c -O2 -fpermissive -fPIC -fno-implicit-templates  conftest.cc >&5
configure:10233: $? = 0
configure:10236: test -s conftest.o
configure:10239: $? = 0
configure:10257: result: yes
configure:10266: checking whether g++ defines conj for the Complex type
configure:10307: g++ -c -O2 -fpermissive -fPIC -fno-implicit-templates  conftest.cc >&5
configure:10310: $? = 0
configure:10313: test -s conftest.o
configure:10316: $? = 0
configure:10334: result: yes
configure:10358: checking if the compiler can see complex instead of complex.h
configure:10379: g++ -c -O2 -fpermissive -fPIC -fno-implicit-templates  conftest.cc >&5
configure:10382: $? = 0
configure:10385: test -s conftest.o
configure:10388: $? = 0
configure:10398: result: yes
configure:10457: checking if building a float NURBS library
configure:10481: result: yes
configure:10488: checking if building a double NURBS library
configure:10502: result: yes
configure:10554: checking Which perl are you using ?
configure:10556: result: /usr/bin/perl
configure:10678: creating ./config.status

## ---------------------- ##
## Running config.status. ##
## ---------------------- ##

This file was extended by config.status, which was
generated by GNU Autoconf 2.53.  Invocation command line was

  CONFIG_FILES    = 
  CONFIG_HEADERS  = 
  CONFIG_LINKS    = 
  CONFIG_COMMANDS = 
  $ ./config.status 

on FP040

config.status:649: creating Makefile
config.status:649: creating Doxyfile
config.status:649: creating nurbs++-config
config.status:649: creating include/Makefile
config.status:649: creating config/Makefile
config.status:649: creating matrix/Makefile
config.status:649: creating numerical/Makefile
config.status:649: creating image/Makefile
config.status:649: creating nurbs/Makefile
config.status:649: creating examples/Makefile
config.status:649: creating examples/matrix/Makefile
config.status:649: creating examples/image/Makefile
config.status:649: creating examples/numerical/Makefile
config.status:649: creating examples/nurbs/Makefile
config.status:649: creating tests/Makefile
config.status:649: creating tests/matrix/Makefile
config.status:649: creating tests/nurbs/Makefile
config.status:753: creating include/plib_config.h
config.status:882: include/plib_config.h is unchanged
config.status:983: executing depfiles commands

## ---------------- ##
## Cache variables. ##
## ---------------- ##

ac_cv_build=x86_64-unknown-linux-gnu
ac_cv_build_alias=x86_64-unknown-linux-gnu
ac_cv_c_compiler_gnu=yes
ac_cv_cxx_compiler_gnu=yes
ac_cv_enable_mesagl=no
ac_cv_env_CC_set=
ac_cv_env_CC_value=
ac_cv_env_CFLAGS_set=
ac_cv_env_CFLAGS_value=
ac_cv_env_CPPFLAGS_set=
ac_cv_env_CPPFLAGS_value=
ac_cv_env_CPP_set=
ac_cv_env_CPP_value=
ac_cv_env_CXXFLAGS_set=set
ac_cv_env_CXXFLAGS_value='-O2 -fpermissive -fPIC'
ac_cv_env_CXX_set=
ac_cv_env_CXX_value=
ac_cv_env_LDFLAGS_set=
ac_cv_env_LDFLAGS_value=
ac_cv_env_build_alias_set=
ac_cv_env_build_alias_value=
ac_cv_env_host_alias_set=
ac_cv_env_host_alias_value=
ac_cv_env_target_alias_set=
ac_cv_env_target_alias_value=
ac_cv_exeext=
ac_cv_func_connect=yes
ac_cv_func_gethostbyname=yes
ac_cv_func_remove=yes
ac_cv_func_shmat=yes
ac_cv_have_x='have_x=yes 		ac_x_includes= ac_x_libraries='
ac_cv_header_dlfcn_h=yes
ac_cv_header_inttypes_h=yes
ac_cv_header_memory_h=yes
ac_cv_header_stdc=yes
ac_cv_header_stdint_h=yes
ac_cv_header_stdlib_h=yes
ac_cv_header_string_h=yes
ac_cv_header_strings_h=yes
ac_cv_header_sys_stat_h=yes
ac_cv_header_sys_types_h=yes
ac_cv_header_unistd_h=yes
ac_cv_host=x86_64-unknown-linux-gnu
ac_cv_host_alias=x86_64-unknown-linux-gnu
ac_cv_lib_ICE_IceConnectionNumber=yes
ac_cv_objext=o
ac_cv_path_install='/usr/bin/install -c'
ac_cv_prog_AWK=gawk
ac_cv_prog_CPP='gcc -E'
ac_cv_prog_ac_ct_CC=gcc
ac_cv_prog_ac_ct_CXX=g++
ac_cv_prog_ac_ct_RANLIB=ranlib
ac_cv_prog_ac_ct_STRIP=strip
ac_cv_prog_cc_g=yes
ac_cv_prog_cxx_g=yes
ac_cv_prog_has_cppunit=no
ac_cv_prog_make_make_set=yes
ac_cv_target=x86_64-unknown-linux-gnu
ac_cv_target_alias=x86_64-unknown-linux-gnu
ac_cv_with_gl_dir=
ac_cv_with_gl_inc=
ac_cv_with_gl_lib=
am_cv_CC_dependencies_compiler_type=gcc3
am_cv_CXX_dependencies_compiler_type=gcc3
lt_cv_archive_cmds_need_lc=no
lt_cv_compiler_c_o=yes
lt_cv_compiler_o_lo=yes
lt_cv_deplibs_check_method='file_magic ELF [0-9][0-9]*-bit [LM]SB (shared object|dynamic lib )'
lt_cv_file_magic_cmd='$MAGIC_CMD'
lt_cv_file_magic_test_file='/lib/libc.so* /lib/libc-*.so'
lt_cv_global_symbol_to_c_name_address='sed -n -e '\''s/^: \([^ ]*\) $/  {\"\1\", (lt_ptr) 0},/p'\'' -e '\''s/^[BCDEGRST] \([^ ]*\) \([^ ]*\)$/  {"\2", (lt_ptr) \&\2},/p'\'''
lt_cv_global_symbol_to_cdecl='sed -n -e '\''s/^. .* \(.*\)$/extern char \1;/p'\'''
lt_cv_ld_reload_flag=-r
lt_cv_path_LD=/usr/bin/ld
lt_cv_path_MAGIC_CMD=/usr/bin/file
lt_cv_path_NM='/usr/bin/nm -B'
lt_cv_prog_cc_can_build_shared=yes
lt_cv_prog_cc_no_builtin=
lt_cv_prog_cc_pic=' -fPIC'
lt_cv_prog_cc_pic_works=yes
lt_cv_prog_cc_shlib=
lt_cv_prog_cc_static=-static
lt_cv_prog_cc_static_works=yes
lt_cv_prog_cc_wl=-Wl,
lt_cv_prog_gnu_ld=yes
lt_cv_sys_global_symbol_pipe='sed -n -e '\''s/^.*[ 	]\([ABCDGISTW][ABCDGISTW]*\)[ 	][ 	]*\(\)\([_A-Za-z][_A-Za-z0-9]*\)$/\1 \2\3 \3/p'\'''
lt_cv_sys_path_separator=:

## ----------- ##
## confdefs.h. ##
## ----------- ##

#define PACKAGE_NAME ""
#define PACKAGE_TARNAME ""
#define PACKAGE_VERSION ""
#define PACKAGE_STRING ""
#define PACKAGE_BUGREPORT ""
#define PACKAGE "nurbs++"
#define VERSION "3.0.11"
#define STDC_HEADERS 1
#define HAVE_SYS_TYPES_H 1
#define HAVE_SYS_STAT_H 1
#define HAVE_STDLIB_H 1
#define HAVE_STRING_H 1
#define HAVE_MEMORY_H 1
#define HAVE_STRINGS_H 1
#define HAVE_INTTYPES_H 1
#define HAVE_STDINT_H 1
#define HAVE_UNISTD_H 1
#define HAVE_DLFCN_H 1
#ifdef __cplusplus
#include <stdlib.h>
#endif
#define USE_EXCEPTION 1
#define DEBUG_PLIB 1
#define NO_IMPLICIT_TEMPLATES 1
#define USING_LINUX 1
#define HAVE_NAMESPACE 1
#define HAVE_TEMPLATE_OF_TEMPLATE 1
#define HAVE_ISO_FRIEND_DECL 1
#define HAS_COMPLEX_ABS 1
#define HAS_COMPLEX_CONJ 1
#define PACKAGE 1
#define VERSION 1

configure: exit 0
